<?xml version="1.0" encoding="UTF-8"?>
<testsuite name="pl.edu.agh.calculationp2p.network.connection.ConnectionManagerTest" tests="1" skipped="0" failures="0" errors="0" timestamp="2021-11-27T20:53:43" hostname="kkoz34" time="5.034">
  <properties/>
  <testcase name="run()" classname="pl.edu.agh.calculationp2p.network.connection.ConnectionManagerTest" time="5.034"/>
  <system-out><![CDATA[WRITING
WRITING
WRITING
WRITING
WRITING
WRITING
READING

]]></system-out>
  <system-err><![CDATA[]]></system-err>
</testsuite>
