<?xml version="1.0" encoding="UTF-8"?>
<testsuite name="pl.edu.agh.calculationp2p.network.router.RoutingTableTest" tests="1" skipped="0" failures="0" errors="0" timestamp="2021-12-13T21:48:01" hostname="DESKTOP-5LA2LCO" time="0.019">
  <properties/>
  <testcase name="checkIfInterfaceIsAddingItselfProperly()" classname="pl.edu.agh.calculationp2p.network.router.RoutingTableTest" time="0.019"/>
  <system-out><![CDATA[]]></system-out>
  <system-err><![CDATA[]]></system-err>
</testsuite>
